<?xml version="1.0" encoding="UTF-8"?>
<testng-results ignored="0" total="1" passed="1" failed="0" skipped="0">
  <reporter-output>
  </reporter-output>
  <suite started-at="2025-11-03T18:50:49 IST" name="Default suite" finished-at="2025-11-03T18:51:16 IST" duration-ms="27037">
    <groups>
    </groups>
    <test started-at="2025-11-03T18:50:49 IST" name="Default test" finished-at="2025-11-03T18:51:16 IST" duration-ms="27037">
      <class name="com.dcentmass.maventous_mobile_framework.Login_ptc">
        <test-method is-config="true" signature="Configuration()[pri:0, instance:com.dcentmass.maventous_mobile_framework.Login_ptc@1e800aaa]" started-at="2025-11-03T18:50:49 IST" name="Configuration" finished-at="2025-11-03T18:51:00 IST" duration-ms="11193" status="PASS">
          <reporter-output>
          </reporter-output>
        </test-method> <!-- Configuration -->
        <test-method signature="Cofiguration(java.util.HashMap)[pri:0, instance:com.dcentmass.maventous_mobile_framework.Login_ptc@1e800aaa]" started-at="2025-11-03T18:51:00 IST" name="Cofiguration" data-provider="getData" finished-at="2025-11-03T18:51:15 IST" duration-ms="15111" status="PASS">
          <params>
            <param index="0">
              <value>
                <![CDATA[{pwd=studentpassword, email=student@student.com}]]>
              </value>
            </param>
          </params>
          <reporter-output>
          </reporter-output>
        </test-method> <!-- Cofiguration -->
        <test-method is-config="true" signature="tearDown()[pri:0, instance:com.dcentmass.maventous_mobile_framework.Login_ptc@1e800aaa]" started-at="2025-11-03T18:51:15 IST" name="tearDown" finished-at="2025-11-03T18:51:16 IST" duration-ms="508" status="PASS">
          <reporter-output>
          </reporter-output>
        </test-method> <!-- tearDown -->
      </class> <!-- com.dcentmass.maventous_mobile_framework.Login_ptc -->
    </test> <!-- Default test -->
  </suite> <!-- Default suite -->
</testng-results>
