<?xml version="1.0" encoding="UTF-8"?>
<testng-results ignored="0" total="2" passed="2" failed="0" skipped="0">
  <reporter-output>
  </reporter-output>
  <suite started-at="2025-11-03T12:17:01 IST" name="Suite" finished-at="2025-11-03T12:17:48 IST" duration-ms="47052">
    <groups>
    </groups>
    <test started-at="2025-11-03T12:17:01 IST" name="Positive Test Case" finished-at="2025-11-03T12:17:25 IST" duration-ms="24233">
      <class name="com.dcentmass.maventous_mobile_framework.Login_ptc">
        <test-method is-config="true" signature="Configuration()[pri:0, instance:com.dcentmass.maventous_mobile_framework.Login_ptc@4c12331b]" started-at="2025-11-03T12:17:01 IST" name="Configuration" finished-at="2025-11-03T12:17:10 IST" duration-ms="8452" status="PASS">
          <reporter-output>
          </reporter-output>
        </test-method> <!-- Configuration -->
        <test-method signature="Cofiguration()[pri:0, instance:com.dcentmass.maventous_mobile_framework.Login_ptc@4c12331b]" started-at="2025-11-03T12:17:10 IST" name="Cofiguration" finished-at="2025-11-03T12:17:25 IST" duration-ms="15220" status="PASS">
          <reporter-output>
          </reporter-output>
        </test-method> <!-- Cofiguration -->
        <test-method is-config="true" signature="tearDown()[pri:0, instance:com.dcentmass.maventous_mobile_framework.Login_ptc@4c12331b]" started-at="2025-11-03T12:17:25 IST" name="tearDown" finished-at="2025-11-03T12:17:25 IST" duration-ms="523" status="PASS">
          <reporter-output>
          </reporter-output>
        </test-method> <!-- tearDown -->
      </class> <!-- com.dcentmass.maventous_mobile_framework.Login_ptc -->
    </test> <!-- Positive Test Case -->
    <test started-at="2025-11-03T12:17:25 IST" name="Negative Test Case" finished-at="2025-11-03T12:17:48 IST" duration-ms="22722">
      <class name="com.dcentmass.maventous_mobile_framework.Login_ntc">
        <test-method is-config="true" signature="Configuration()[pri:0, instance:com.dcentmass.maventous_mobile_framework.Login_ntc@752325ad]" started-at="2025-11-03T12:17:26 IST" name="Configuration" finished-at="2025-11-03T12:17:34 IST" duration-ms="8307" status="PASS">
          <reporter-output>
          </reporter-output>
        </test-method> <!-- Configuration -->
        <test-method signature="invalidlogin()[pri:0, instance:com.dcentmass.maventous_mobile_framework.Login_ntc@752325ad]" started-at="2025-11-03T12:17:34 IST" name="invalidlogin" finished-at="2025-11-03T12:17:48 IST" duration-ms="13731" status="PASS">
          <reporter-output>
          </reporter-output>
        </test-method> <!-- invalidlogin -->
        <test-method is-config="true" signature="tearDown()[pri:0, instance:com.dcentmass.maventous_mobile_framework.Login_ntc@752325ad]" started-at="2025-11-03T12:17:48 IST" name="tearDown" finished-at="2025-11-03T12:17:48 IST" duration-ms="673" status="PASS">
          <reporter-output>
          </reporter-output>
        </test-method> <!-- tearDown -->
      </class> <!-- com.dcentmass.maventous_mobile_framework.Login_ntc -->
    </test> <!-- Negative Test Case -->
  </suite> <!-- Suite -->
</testng-results>
